<?xml version="1.0" encoding="UTF-8"?>
<!-- Generated by org.testng.reporters.JUnitXMLReporter -->
<testsuite hostname="LAPTOP-FVUP5MER" ignored="0" name="24HrPakistanWebsiteTest" tests="11" failures="2" timestamp="04 Dec 2018 02:37:17 GMT" time="112.55" errors="0">
  <testcase name="verifyAboutusMenuclick" time="0.885" classname="PagesTestCasesPackage.HomePageTestCases"/>
  <testcase name="verifyCallSupportText" time="0.067" classname="PagesTestCasesPackage.HomePageTestCases"/>
  <testcase name="verifyCityTextIndropdown" time="3.076" classname="PagesTestCasesPackage.HomePageTestCases">
    <failure type="java.lang.AssertionError" message="expected [Karachi] but found [Karchi]">
      <![CDATA[java.lang.AssertionError: expected [Karachi] but found [Karchi]
	at PagesTestCasesPackage.HomePageTestCases.verifyCityTextIndropdown(HomePageTestCases.java:83)
... Removed 31 stack frames]]>
    </failure>
  </testcase> <!-- verifyCityTextIndropdown -->
  <testcase name="verifyCountryTextIndropdown" time="0.067" classname="PagesTestCasesPackage.HomePageTestCases">
    <failure type="java.lang.AssertionError" message="expected [Pakistan] but found [Pakitan]">
      <![CDATA[java.lang.AssertionError: expected [Pakistan] but found [Pakitan]
	at PagesTestCasesPackage.HomePageTestCases.verifyCountryTextIndropdown(HomePageTestCases.java:77)
... Removed 31 stack frames]]>
    </failure>
  </testcase> <!-- verifyCountryTextIndropdown -->
  <testcase name="verifyHomeMenuclick" time="2.362" classname="PagesTestCasesPackage.HomePageTestCases"/>
  <testcase name="verifyLoginlink" time="0.077" classname="PagesTestCasesPackage.HomePageTestCases"/>
  <testcase name="verifyLogoImage" time="0.077" classname="PagesTestCasesPackage.HomePageTestCases"/>
  <testcase name="verifyRegisteringUser" time="2.187" classname="PagesTestCasesPackage.HomePageTestCases"/>
  <testcase name="verifyRegisteringUser" time="2.61" classname="PagesTestCasesPackage.HomePageTestCases"/>
  <testcase name="verifyRegisterlink" time="0.099" classname="PagesTestCasesPackage.HomePageTestCases"/>
  <testcase name="verifySupportNumber" time="0.057" classname="PagesTestCasesPackage.HomePageTestCases"/>
</testsuite> <!-- 24HrPakistanWebsiteTest -->
