<?xml version="1.0" encoding="UTF-8"?>
<testng-results skipped="0" failed="1" ignored="0" total="8" passed="7">
  <reporter-output>
  </reporter-output>
  <suite name="AutomationTestWebSite" duration-ms="72207" started-at="2018-12-11T03:16:46Z" finished-at="2018-12-11T03:17:58Z">
    <groups>
    </groups>
    <test name="test_1" duration-ms="39390" started-at="2018-12-11T03:16:46Z" finished-at="2018-12-11T03:17:25Z">
      <class name="TestCasePackage.ContactUsPageTest">
        <test-method status="PASS" signature="startup()[pri:0, instance:TestCasePackage.ContactUsPageTest@3159c4b8]" name="startup" is-config="true" duration-ms="9412" started-at="2018-12-10T19:16:47Z" finished-at="2018-12-10T19:16:56Z">
          <reporter-output>
          </reporter-output>
        </test-method> <!-- startup -->
        <test-method status="FAIL" signature="verifySendMessageTest(java.lang.String, java.lang.String, java.lang.String, java.lang.String, java.lang.String, java.lang.String)[pri:0, instance:TestCasePackage.ContactUsPageTest@3159c4b8]" name="verifySendMessageTest" duration-ms="1558" started-at="2018-12-10T19:16:56Z" data-provider="getdata" finished-at="2018-12-10T19:16:58Z">
          <params>
            <param index="0">
              <value>
                <![CDATA[1]]>
              </value>
            </param>
            <param index="1">
              <value>
                <![CDATA[greatwork@gmail.com]]>
              </value>
            </param>
            <param index="2">
              <value>
                <![CDATA[sdhgC]]>
              </value>
            </param>
            <param index="3">
              <value>
                <![CDATA[C:\\Users\\Ali Hassan\\Desktop\\ExcelData.xlsx]]>
              </value>
            </param>
            <param index="4">
              <value>
                <![CDATA[The system can enter the planned test phase. It is expected that th]]>
              </value>
            </param>
            <param index="5">
              <value>
                <![CDATA[Invalid email address.]]>
              </value>
            </param>
          </params>
          <exception class="java.lang.AssertionError">
            <message>
              <![CDATA[expected [Invalid email address.] but found [Bad file extension]]]>
            </message>
            <full-stacktrace>
              <![CDATA[java.lang.AssertionError: expected [Invalid email address.] but found [Bad file extension]
	at org.testng.Assert.fail(Assert.java:93)
	at org.testng.Assert.failNotEquals(Assert.java:512)
	at org.testng.Assert.assertEqualsImpl(Assert.java:134)
	at org.testng.Assert.assertEquals(Assert.java:115)
	at org.testng.Assert.assertEquals(Assert.java:189)
	at org.testng.Assert.assertEquals(Assert.java:199)
	at TestCasePackage.ContactUsPageTest.verifySendMessageTest(ContactUsPageTest.java:95)
	at sun.reflect.NativeMethodAccessorImpl.invoke0(Native Method)
	at sun.reflect.NativeMethodAccessorImpl.invoke(Unknown Source)
	at sun.reflect.DelegatingMethodAccessorImpl.invoke(Unknown Source)
	at java.lang.reflect.Method.invoke(Unknown Source)
	at org.testng.internal.MethodInvocationHelper.invokeMethod(MethodInvocationHelper.java:108)
	at org.testng.internal.Invoker.invokeMethod(Invoker.java:661)
	at org.testng.internal.Invoker.invokeTestMethod(Invoker.java:869)
	at org.testng.internal.Invoker.invokeTestMethods(Invoker.java:1193)
	at org.testng.internal.TestMethodWorker.invokeTestMethods(TestMethodWorker.java:126)
	at org.testng.internal.TestMethodWorker.run(TestMethodWorker.java:109)
	at org.testng.TestRunner.privateRun(TestRunner.java:744)
	at org.testng.TestRunner.run(TestRunner.java:602)
	at org.testng.SuiteRunner.runTest(SuiteRunner.java:380)
	at org.testng.SuiteRunner.runSequentially(SuiteRunner.java:375)
	at org.testng.SuiteRunner.privateRun(SuiteRunner.java:340)
	at org.testng.SuiteRunner.run(SuiteRunner.java:289)
	at org.testng.SuiteRunnerWorker.runSuite(SuiteRunnerWorker.java:52)
	at org.testng.SuiteRunnerWorker.run(SuiteRunnerWorker.java:86)
	at org.testng.TestNG.runSuitesSequentially(TestNG.java:1301)
	at org.testng.TestNG.runSuitesLocally(TestNG.java:1226)
	at org.testng.TestNG.runSuites(TestNG.java:1144)
	at org.testng.TestNG.run(TestNG.java:1115)
	at org.testng.remote.AbstractRemoteTestNG.run(AbstractRemoteTestNG.java:114)
	at org.testng.remote.RemoteTestNG.initAndRun(RemoteTestNG.java:251)
	at org.testng.remote.RemoteTestNG.main(RemoteTestNG.java:77)
]]>
            </full-stacktrace>
          </exception> <!-- java.lang.AssertionError -->
          <reporter-output>
          </reporter-output>
        </test-method> <!-- verifySendMessageTest -->
        <test-method status="PASS" signature="teardown()[pri:0, instance:TestCasePackage.ContactUsPageTest@3159c4b8]" name="teardown" is-config="true" duration-ms="706" started-at="2018-12-10T19:16:58Z" finished-at="2018-12-10T19:16:58Z">
          <reporter-output>
          </reporter-output>
        </test-method> <!-- teardown -->
        <test-method status="PASS" signature="startup()[pri:0, instance:TestCasePackage.ContactUsPageTest@3159c4b8]" name="startup" is-config="true" duration-ms="7101" started-at="2018-12-10T19:16:58Z" finished-at="2018-12-10T19:17:05Z">
          <reporter-output>
          </reporter-output>
        </test-method> <!-- startup -->
        <test-method status="PASS" signature="verifySendMessageTest(java.lang.String, java.lang.String, java.lang.String, java.lang.String, java.lang.String, java.lang.String)[pri:0, instance:TestCasePackage.ContactUsPageTest@3159c4b8]" name="verifySendMessageTest" duration-ms="1855" started-at="2018-12-10T19:17:05Z" data-provider="getdata" finished-at="2018-12-10T19:17:07Z">
          <params>
            <param index="0">
              <value>
                <![CDATA[1]]>
              </value>
            </param>
            <param index="1">
              <value>
                <![CDATA[greatwork@icloud.com]]>
              </value>
            </param>
            <param index="2">
              <value>
                <![CDATA[blkjasdfkj]]>
              </value>
            </param>
            <param index="3">
              <value>
                <![CDATA[C:\\Users\\Ali Hassan\\Desktop\\ExcelData.xlsx]]>
              </value>
            </param>
            <param index="4">
              <value>
                <![CDATA[The system can enter the planned test phase. It is expected that the]]>
              </value>
            </param>
            <param index="5">
              <value>
                <![CDATA[Bad file extension]]>
              </value>
            </param>
          </params>
          <reporter-output>
          </reporter-output>
        </test-method> <!-- verifySendMessageTest -->
        <test-method status="PASS" signature="teardown()[pri:0, instance:TestCasePackage.ContactUsPageTest@3159c4b8]" name="teardown" is-config="true" duration-ms="684" started-at="2018-12-10T19:17:07Z" finished-at="2018-12-10T19:17:08Z">
          <reporter-output>
          </reporter-output>
        </test-method> <!-- teardown -->
        <test-method status="PASS" signature="startup()[pri:0, instance:TestCasePackage.ContactUsPageTest@3159c4b8]" name="startup" is-config="true" duration-ms="6433" started-at="2018-12-10T19:17:08Z" finished-at="2018-12-10T19:17:14Z">
          <reporter-output>
          </reporter-output>
        </test-method> <!-- startup -->
        <test-method status="PASS" signature="verifySendMessageTest(java.lang.String, java.lang.String, java.lang.String, java.lang.String, java.lang.String, java.lang.String)[pri:0, instance:TestCasePackage.ContactUsPageTest@3159c4b8]" name="verifySendMessageTest" duration-ms="1626" started-at="2018-12-10T19:17:14Z" data-provider="getdata" finished-at="2018-12-10T19:17:16Z">
          <params>
            <param index="0">
              <value>
                <![CDATA[1]]>
              </value>
            </param>
            <param index="1">
              <value>
                <![CDATA[greatwork@icloud.com]]>
              </value>
            </param>
            <param index="2">
              <value>
                <![CDATA[blkjasdfkj]]>
              </value>
            </param>
            <param index="3">
              <value>
                <![CDATA[C:\\Users\\Ali Hassan\\Desktop\\ExcelData.xlsx]]>
              </value>
            </param>
            <param index="4">
              <value>
                <![CDATA[The system can enter the planned test phase. It is expected that the]]>
              </value>
            </param>
            <param index="5">
              <value>
                <![CDATA[Bad file extension]]>
              </value>
            </param>
          </params>
          <reporter-output>
          </reporter-output>
        </test-method> <!-- verifySendMessageTest -->
        <test-method status="PASS" signature="teardown()[pri:0, instance:TestCasePackage.ContactUsPageTest@3159c4b8]" name="teardown" is-config="true" duration-ms="703" started-at="2018-12-10T19:17:16Z" finished-at="2018-12-10T19:17:17Z">
          <reporter-output>
          </reporter-output>
        </test-method> <!-- teardown -->
        <test-method status="PASS" signature="startup()[pri:0, instance:TestCasePackage.ContactUsPageTest@3159c4b8]" name="startup" is-config="true" duration-ms="6525" started-at="2018-12-10T19:17:17Z" finished-at="2018-12-10T19:17:23Z">
          <reporter-output>
          </reporter-output>
        </test-method> <!-- startup -->
        <test-method status="PASS" signature="verifySendMessageTest(java.lang.String, java.lang.String, java.lang.String, java.lang.String, java.lang.String, java.lang.String)[pri:0, instance:TestCasePackage.ContactUsPageTest@3159c4b8]" name="verifySendMessageTest" duration-ms="1520" started-at="2018-12-10T19:17:23Z" data-provider="getdata" finished-at="2018-12-10T19:17:25Z">
          <params>
            <param index="0">
              <value>
                <![CDATA[1]]>
              </value>
            </param>
            <param index="1">
              <value>
                <![CDATA[greatwork@icloud.com]]>
              </value>
            </param>
            <param index="2">
              <value>
                <![CDATA[blkjasdfkj]]>
              </value>
            </param>
            <param index="3">
              <value>
                <![CDATA[C:\\Users\\Ali Hassan\\Desktop\\ExcelData.xlsx]]>
              </value>
            </param>
            <param index="4">
              <value>
                <![CDATA[The system can enter the planned test phase. It is expected that the]]>
              </value>
            </param>
            <param index="5">
              <value>
                <![CDATA[Bad file extension]]>
              </value>
            </param>
          </params>
          <reporter-output>
          </reporter-output>
        </test-method> <!-- verifySendMessageTest -->
        <test-method status="PASS" signature="teardown()[pri:0, instance:TestCasePackage.ContactUsPageTest@3159c4b8]" name="teardown" is-config="true" duration-ms="686" started-at="2018-12-10T19:17:25Z" finished-at="2018-12-10T19:17:25Z">
          <reporter-output>
          </reporter-output>
        </test-method> <!-- teardown -->
      </class> <!-- TestCasePackage.ContactUsPageTest -->
    </test> <!-- test_1 -->
    <test name="test_2" duration-ms="32771" started-at="2018-12-11T03:17:26Z" finished-at="2018-12-11T03:17:58Z">
      <class name="TestCasePackage.HomePageTestCases">
        <test-method status="PASS" signature="startup()[pri:0, instance:TestCasePackage.HomePageTestCases@78c03f1f]" name="startup" is-config="true" duration-ms="6204" started-at="2018-12-10T19:17:26Z" finished-at="2018-12-10T19:17:32Z">
          <reporter-output>
          </reporter-output>
        </test-method> <!-- startup -->
        <test-method status="PASS" signature="verifyContactusLinkClickable()[pri:0, instance:TestCasePackage.HomePageTestCases@78c03f1f]" name="verifyContactusLinkClickable" duration-ms="814" started-at="2018-12-10T19:17:32Z" finished-at="2018-12-10T19:17:33Z">
          <reporter-output>
          </reporter-output>
        </test-method> <!-- verifyContactusLinkClickable -->
        <test-method status="PASS" signature="teardown()[pri:0, instance:TestCasePackage.HomePageTestCases@78c03f1f]" name="teardown" is-config="true" duration-ms="676" started-at="2018-12-10T19:17:33Z" finished-at="2018-12-10T19:17:33Z">
          <reporter-output>
          </reporter-output>
        </test-method> <!-- teardown -->
        <test-method status="PASS" signature="startup()[pri:0, instance:TestCasePackage.HomePageTestCases@78c03f1f]" name="startup" is-config="true" duration-ms="6945" started-at="2018-12-10T19:17:33Z" finished-at="2018-12-10T19:17:40Z">
          <reporter-output>
          </reporter-output>
        </test-method> <!-- startup -->
        <test-method status="PASS" signature="verifyExistenceOfContactusLink()[pri:0, instance:TestCasePackage.HomePageTestCases@78c03f1f]" name="verifyExistenceOfContactusLink" duration-ms="42" started-at="2018-12-10T19:17:40Z" finished-at="2018-12-10T19:17:40Z">
          <reporter-output>
          </reporter-output>
        </test-method> <!-- verifyExistenceOfContactusLink -->
        <test-method status="PASS" signature="teardown()[pri:0, instance:TestCasePackage.HomePageTestCases@78c03f1f]" name="teardown" is-config="true" duration-ms="689" started-at="2018-12-10T19:17:40Z" finished-at="2018-12-10T19:17:41Z">
          <reporter-output>
          </reporter-output>
        </test-method> <!-- teardown -->
        <test-method status="PASS" signature="startup()[pri:0, instance:TestCasePackage.HomePageTestCases@78c03f1f]" name="startup" is-config="true" duration-ms="8454" started-at="2018-12-10T19:17:41Z" finished-at="2018-12-10T19:17:49Z">
          <reporter-output>
          </reporter-output>
        </test-method> <!-- startup -->
        <test-method status="PASS" signature="verifyExistenceOfSigninLink()[pri:0, instance:TestCasePackage.HomePageTestCases@78c03f1f]" name="verifyExistenceOfSigninLink" duration-ms="423" started-at="2018-12-10T19:17:49Z" finished-at="2018-12-10T19:17:50Z">
          <reporter-output>
          </reporter-output>
        </test-method> <!-- verifyExistenceOfSigninLink -->
        <test-method status="PASS" signature="teardown()[pri:0, instance:TestCasePackage.HomePageTestCases@78c03f1f]" name="teardown" is-config="true" duration-ms="671" started-at="2018-12-10T19:17:50Z" finished-at="2018-12-10T19:17:50Z">
          <reporter-output>
          </reporter-output>
        </test-method> <!-- teardown -->
        <test-method status="PASS" signature="startup()[pri:0, instance:TestCasePackage.HomePageTestCases@78c03f1f]" name="startup" is-config="true" duration-ms="5644" started-at="2018-12-10T19:17:50Z" finished-at="2018-12-10T19:17:56Z">
          <reporter-output>
          </reporter-output>
        </test-method> <!-- startup -->
        <test-method status="PASS" signature="verifyloginpage()[pri:0, instance:TestCasePackage.HomePageTestCases@78c03f1f]" name="verifyloginpage" duration-ms="1139" started-at="2018-12-10T19:17:56Z" finished-at="2018-12-10T19:17:57Z">
          <reporter-output>
          </reporter-output>
        </test-method> <!-- verifyloginpage -->
        <test-method status="PASS" signature="teardown()[pri:0, instance:TestCasePackage.HomePageTestCases@78c03f1f]" name="teardown" is-config="true" duration-ms="1067" started-at="2018-12-10T19:17:57Z" finished-at="2018-12-10T19:17:58Z">
          <reporter-output>
          </reporter-output>
        </test-method> <!-- teardown -->
      </class> <!-- TestCasePackage.HomePageTestCases -->
    </test> <!-- test_2 -->
  </suite> <!-- AutomationTestWebSite -->
</testng-results>
