<?xml version="1.0" encoding="UTF-8"?>
<!-- Generated by org.testng.reporters.JUnitXMLReporter -->
<testsuite hostname="LAPTOP-FVUP5MER" ignored="0" name="TestCases" tests="8" failures="0" timestamp="11 Dec 2018 00:19:27 GMT" time="32.54" errors="0">
  <testcase name="@BeforeMethod startup" time="11.669" classname="TestCasePackage.ContactUsPageTest">
    <failure type="org.openqa.selenium.NoSuchSessionException" message="invalid session id
  (Driver info: chromedriver=2.42.591088 (7b2b2dca23cca0862f674758c9a3933e685c27d5),platform=Windows NT 10.0.17134 x86_64) (WARNING: The server did not provide any stacktrace information)
Command duration or timeout: 0 milliseconds
Build info: version: &amp;apos;3.14.0&amp;apos;, revision: &amp;apos;aacccce0&amp;apos;, time: &amp;apos;2018-08-02T20:19:58.91Z&amp;apos;
System info: host: &amp;apos;LAPTOP-FVUP5MER&amp;apos;, ip: &amp;apos;192.168.86.1&amp;apos;, os.name: &amp;apos;Windows 10&amp;apos;, os.arch: &amp;apos;amd64&amp;apos;, os.version: &amp;apos;10.0&amp;apos;, java.version: &amp;apos;1.8.0_191&amp;apos;
Driver info: org.openqa.selenium.chrome.ChromeDriver
Capabilities {acceptInsecureCerts: false, acceptSslCerts: false, applicationCacheEnabled: false, browserConnectionEnabled: false, browserName: chrome, chrome: {chromedriverVersion: 2.42.591088 (7b2b2dca23cca0..., userDataDir: C:\Users\ALIHAS~1\AppData\L...}, cssSelectorsEnabled: true, databaseEnabled: false, goog:chromeOptions: {debuggerAddress: localhost:63008}, handlesAlerts: true, hasTouchScreen: false, javascriptEnabled: true, locationContextEnabled: true, mobileEmulationEnabled: false, nativeEvents: true, networkConnectionEnabled: false, pageLoadStrategy: normal, platform: XP, platformName: XP, rotatable: false, setWindowRect: true, takesHeapSnapshot: true, takesScreenshot: true, unexpectedAlertBehaviour: , unhandledPromptBehavior: , version: 70.0.3538.110, webStorageEnabled: true}
Session ID: ecd7d6942d024aacc3e1724c39c2b654">
      <![CDATA[org.openqa.selenium.NoSuchSessionException: invalid session id
  (Driver info: chromedriver=2.42.591088 (7b2b2dca23cca0862f674758c9a3933e685c27d5),platform=Windows NT 10.0.17134 x86_64) (WARNING: The server did not provide any stacktrace information)
Command duration or timeout: 0 milliseconds
Build info: version: '3.14.0', revision: 'aacccce0', time: '2018-08-02T20:19:58.91Z'
System info: host: 'LAPTOP-FVUP5MER', ip: '192.168.86.1', os.name: 'Windows 10', os.arch: 'amd64', os.version: '10.0', java.version: '1.8.0_191'
Driver info: org.openqa.selenium.chrome.ChromeDriver
Capabilities {acceptInsecureCerts: false, acceptSslCerts: false, applicationCacheEnabled: false, browserConnectionEnabled: false, browserName: chrome, chrome: {chromedriverVersion: 2.42.591088 (7b2b2dca23cca0..., userDataDir: C:\Users\ALIHAS~1\AppData\L...}, cssSelectorsEnabled: true, databaseEnabled: false, goog:chromeOptions: {debuggerAddress: localhost:63008}, handlesAlerts: true, hasTouchScreen: false, javascriptEnabled: true, locationContextEnabled: true, mobileEmulationEnabled: false, nativeEvents: true, networkConnectionEnabled: false, pageLoadStrategy: normal, platform: XP, platformName: XP, rotatable: false, setWindowRect: true, takesHeapSnapshot: true, takesScreenshot: true, unexpectedAlertBehaviour: , unhandledPromptBehavior: , version: 70.0.3538.110, webStorageEnabled: true}
Session ID: ecd7d6942d024aacc3e1724c39c2b654
	at org.openqa.selenium.remote.ErrorHandler.createThrowable(ErrorHandler.java:214)
	at org.openqa.selenium.remote.ErrorHandler.throwIfResponseFailed(ErrorHandler.java:166)
	at org.openqa.selenium.remote.http.JsonHttpResponseCodec.reconstructValue(JsonHttpResponseCodec.java:40)
	at org.openqa.selenium.remote.http.AbstractHttpResponseCodec.decode(AbstractHttpResponseCodec.java:80)
	at org.openqa.selenium.remote.http.AbstractHttpResponseCodec.decode(AbstractHttpResponseCodec.java:44)
	at org.openqa.selenium.remote.HttpCommandExecutor.execute(HttpCommandExecutor.java:158)
	at org.openqa.selenium.remote.service.DriverCommandExecutor.execute(DriverCommandExecutor.java:83)
	at org.openqa.selenium.remote.RemoteWebDriver.execute(RemoteWebDriver.java:548)
	at org.openqa.selenium.remote.RemoteWebDriver.execute(RemoteWebDriver.java:605)
	at org.openqa.selenium.remote.RemoteWebDriver.getScreenshotAs(RemoteWebDriver.java:294)
	at TestUtilPackage.EventListener.onException(EventListener.java:70)
	at org.openqa.selenium.support.events.EventFiringWebDriver.lambda$new$0(EventFiringWebDriver.java:84)
	at com.sun.proxy.$Proxy7.onException(Unknown Source)
	at org.openqa.selenium.support.events.EventFiringWebDriver.lambda$new$1(EventFiringWebDriver.java:107)
	at com.sun.proxy.$Proxy8.getScreenshotAs(Unknown Source)
	at TestUtilPackage.EventListener.onException(EventListener.java:70)
	at org.openqa.selenium.support.events.EventFiringWebDriver.lambda$new$0(EventFiringWebDriver.java:84)
	at com.sun.proxy.$Proxy7.onException(Unknown Source)
	at org.openqa.selenium.support.events.EventFiringWebDriver$EventFiringWebElement.lambda$new$0(EventFiringWebDriver.java:405)
	at com.sun.proxy.$Proxy13.click(Unknown Source)
	at org.openqa.selenium.support.events.EventFiringWebDriver$EventFiringWebElement.click(EventFiringWebDriver.java:416)
	at org.openqa.selenium.support.pagefactory.internal.LocatingElementHandler.invoke(LocatingElementHandler.java:51)
	at com.sun.proxy.$Proxy12.click(Unknown Source)
	at PageClassPackage.HomePageClass.validateContactUsPage(HomePageClass.java:50)
	at TestCasePackage.ContactUsPageTest.startup(ContactUsPageTest.java:34)
	at java.util.concurrent.ThreadPoolExecutor.runWorker(Unknown Source)
	at java.util.concurrent.ThreadPoolExecutor$Worker.run(Unknown Source)
	at java.lang.Thread.run(Unknown Source)
... Removed 28 stack frames]]>
    </failure>
  </testcase> <!-- @BeforeMethod startup -->
  <testcase name="@BeforeMethod startup" time="0.0" classname="TestCasePackage.ContactUsPageTest">
    <skipped/>
  </testcase> <!-- @BeforeMethod startup -->
  <testcase name="@BeforeMethod startup" time="0.0" classname="TestCasePackage.ContactUsPageTest">
    <skipped/>
  </testcase> <!-- @BeforeMethod startup -->
  <testcase name="@BeforeMethod startup" time="0.0" classname="TestCasePackage.ContactUsPageTest">
    <skipped/>
  </testcase> <!-- @BeforeMethod startup -->
  <testcase name="verifyContactusLinkClickable" time="1.766" classname="TestCasePackage.HomePageTestCases"/>
  <testcase name="verifySendMessageTest" time="0.0" classname="TestCasePackage.ContactUsPageTest">
    <skipped/>
  </testcase> <!-- verifySendMessageTest -->
  <testcase name="verifySendMessageTest" time="0.0" classname="TestCasePackage.ContactUsPageTest">
    <skipped/>
  </testcase> <!-- verifySendMessageTest -->
  <testcase name="verifySendMessageTest" time="0.0" classname="TestCasePackage.ContactUsPageTest">
    <skipped/>
  </testcase> <!-- verifySendMessageTest -->
  <testcase name="verifySendMessageTest" time="0.0" classname="TestCasePackage.ContactUsPageTest">
    <skipped/>
  </testcase> <!-- verifySendMessageTest -->
  <testcase name="verifyExistenceOfContactusLink" time="0.055" classname="TestCasePackage.HomePageTestCases"/>
  <testcase name="verifyExistenceOfSigninLink" time="0.059" classname="TestCasePackage.HomePageTestCases"/>
  <testcase name="verifyloginpage" time="1.014" classname="TestCasePackage.HomePageTestCases"/>
</testsuite> <!-- TestCases -->
