<?xml version="1.0" encoding="UTF-8"?>
<!-- Generated by org.testng.reporters.JUnitXMLReporter -->
<testsuite hostname="LAPTOP-FVUP5MER" ignored="0" name="24HrPakistanWebsiteTest" tests="11" failures="2" timestamp="03 Dec 2018 01:19:17 GMT" time="60.792" errors="0">
  <testcase name="@BeforeMethod setup" time="18.872" classname="PagesTestCasesPackage.HomePageTestCases">
    <failure type="org.openqa.selenium.WebDriverException" message="chrome not reachable
  (Session info: chrome=70.0.3538.110)
  (Driver info: chromedriver=2.42.591088 (7b2b2dca23cca0862f674758c9a3933e685c27d5),platform=Windows NT 10.0.17134 x86_64) (WARNING: The server did not provide any stacktrace information)
Command duration or timeout: 0 milliseconds
Build info: version: &amp;apos;3.14.0&amp;apos;, revision: &amp;apos;aacccce0&amp;apos;, time: &amp;apos;2018-08-02T20:19:58.91Z&amp;apos;
System info: host: &amp;apos;LAPTOP-FVUP5MER&amp;apos;, ip: &amp;apos;192.168.86.1&amp;apos;, os.name: &amp;apos;Windows 10&amp;apos;, os.arch: &amp;apos;amd64&amp;apos;, os.version: &amp;apos;10.0&amp;apos;, java.version: &amp;apos;1.8.0_191&amp;apos;
Driver info: org.openqa.selenium.chrome.ChromeDriver
Capabilities {acceptInsecureCerts: false, acceptSslCerts: false, applicationCacheEnabled: false, browserConnectionEnabled: false, browserName: chrome, chrome: {chromedriverVersion: 2.42.591088 (7b2b2dca23cca0..., userDataDir: C:\Users\ALIHAS~1\AppData\L...}, cssSelectorsEnabled: true, databaseEnabled: false, goog:chromeOptions: {debuggerAddress: localhost:51574}, handlesAlerts: true, hasTouchScreen: false, javascriptEnabled: true, locationContextEnabled: true, mobileEmulationEnabled: false, nativeEvents: true, networkConnectionEnabled: false, pageLoadStrategy: normal, platform: XP, platformName: XP, rotatable: false, setWindowRect: true, takesHeapSnapshot: true, takesScreenshot: true, unexpectedAlertBehaviour: , unhandledPromptBehavior: , version: 70.0.3538.110, webStorageEnabled: true}
Session ID: cf07bc771c51f3fa2024ec3b4618ac1f">
      <![CDATA[org.openqa.selenium.WebDriverException: chrome not reachable
  (Session info: chrome=70.0.3538.110)
  (Driver info: chromedriver=2.42.591088 (7b2b2dca23cca0862f674758c9a3933e685c27d5),platform=Windows NT 10.0.17134 x86_64) (WARNING: The server did not provide any stacktrace information)
Command duration or timeout: 0 milliseconds
Build info: version: '3.14.0', revision: 'aacccce0', time: '2018-08-02T20:19:58.91Z'
System info: host: 'LAPTOP-FVUP5MER', ip: '192.168.86.1', os.name: 'Windows 10', os.arch: 'amd64', os.version: '10.0', java.version: '1.8.0_191'
Driver info: org.openqa.selenium.chrome.ChromeDriver
Capabilities {acceptInsecureCerts: false, acceptSslCerts: false, applicationCacheEnabled: false, browserConnectionEnabled: false, browserName: chrome, chrome: {chromedriverVersion: 2.42.591088 (7b2b2dca23cca0..., userDataDir: C:\Users\ALIHAS~1\AppData\L...}, cssSelectorsEnabled: true, databaseEnabled: false, goog:chromeOptions: {debuggerAddress: localhost:51574}, handlesAlerts: true, hasTouchScreen: false, javascriptEnabled: true, locationContextEnabled: true, mobileEmulationEnabled: false, nativeEvents: true, networkConnectionEnabled: false, pageLoadStrategy: normal, platform: XP, platformName: XP, rotatable: false, setWindowRect: true, takesHeapSnapshot: true, takesScreenshot: true, unexpectedAlertBehaviour: , unhandledPromptBehavior: , version: 70.0.3538.110, webStorageEnabled: true}
Session ID: cf07bc771c51f3fa2024ec3b4618ac1f
	at org.openqa.selenium.remote.ErrorHandler.createThrowable(ErrorHandler.java:214)
	at org.openqa.selenium.remote.ErrorHandler.throwIfResponseFailed(ErrorHandler.java:166)
	at org.openqa.selenium.remote.http.JsonHttpResponseCodec.reconstructValue(JsonHttpResponseCodec.java:40)
	at org.openqa.selenium.remote.http.AbstractHttpResponseCodec.decode(AbstractHttpResponseCodec.java:80)
	at org.openqa.selenium.remote.http.AbstractHttpResponseCodec.decode(AbstractHttpResponseCodec.java:44)
	at org.openqa.selenium.remote.HttpCommandExecutor.execute(HttpCommandExecutor.java:158)
	at org.openqa.selenium.remote.service.DriverCommandExecutor.execute(DriverCommandExecutor.java:83)
	at org.openqa.selenium.remote.RemoteWebDriver.execute(RemoteWebDriver.java:548)
	at org.openqa.selenium.remote.RemoteWebDriver.execute(RemoteWebDriver.java:605)
	at org.openqa.selenium.remote.RemoteWebDriver$RemoteWebDriverOptions.deleteAllCookies(RemoteWebDriver.java:690)
	at org.openqa.selenium.support.events.EventFiringWebDriver$EventFiringOptions.deleteAllCookies(EventFiringWebDriver.java:629)
	at BaseClassPackage.BaseClass.intialization(BaseClass.java:51)
	at PagesTestCasesPackage.HomePageTestCases.setup(HomePageTestCases.java:32)
... Removed 31 stack frames]]>
    </failure>
  </testcase> <!-- @BeforeMethod setup -->
  <testcase name="@BeforeMethod setup" time="0.0" classname="PagesTestCasesPackage.HomePageTestCases">
    <skipped/>
  </testcase> <!-- @BeforeMethod setup -->
  <testcase name="@BeforeMethod setup" time="0.0" classname="PagesTestCasesPackage.HomePageTestCases">
    <skipped/>
  </testcase> <!-- @BeforeMethod setup -->
  <testcase name="@BeforeMethod setup" time="0.0" classname="PagesTestCasesPackage.HomePageTestCases">
    <skipped/>
  </testcase> <!-- @BeforeMethod setup -->
  <testcase name="@BeforeMethod setup" time="0.0" classname="PagesTestCasesPackage.HomePageTestCases">
    <skipped/>
  </testcase> <!-- @BeforeMethod setup -->
  <testcase name="@BeforeMethod setup" time="0.0" classname="PagesTestCasesPackage.HomePageTestCases">
    <skipped/>
  </testcase> <!-- @BeforeMethod setup -->
  <testcase name="@BeforeMethod setup" time="0.0" classname="PagesTestCasesPackage.HomePageTestCases">
    <skipped/>
  </testcase> <!-- @BeforeMethod setup -->
  <testcase name="verifyAboutusMenuclick" time="1.232" classname="PagesTestCasesPackage.HomePageTestCases"/>
  <testcase name="verifyCallSupportText" time="0.065" classname="PagesTestCasesPackage.HomePageTestCases"/>
  <testcase name="verifyCityTextIndropdown" time="3.171" classname="PagesTestCasesPackage.HomePageTestCases">
    <failure type="java.lang.AssertionError" message="expected [Karachi] but found [Karchi]">
      <![CDATA[java.lang.AssertionError: expected [Karachi] but found [Karchi]
	at PagesTestCasesPackage.HomePageTestCases.verifyCityTextIndropdown(HomePageTestCases.java:83)
... Removed 31 stack frames]]>
    </failure>
  </testcase> <!-- verifyCityTextIndropdown -->
  <testcase name="verifyCountryTextIndropdown" time="0.088" classname="PagesTestCasesPackage.HomePageTestCases">
    <failure type="java.lang.AssertionError" message="expected [Pakistan] but found [Pakitan]">
      <![CDATA[java.lang.AssertionError: expected [Pakistan] but found [Pakitan]
	at PagesTestCasesPackage.HomePageTestCases.verifyCountryTextIndropdown(HomePageTestCases.java:77)
... Removed 31 stack frames]]>
    </failure>
  </testcase> <!-- verifyCountryTextIndropdown -->
  <testcase name="verifyHomeMenuclick" time="0.002" classname="PagesTestCasesPackage.HomePageTestCases">
    <skipped/>
  </testcase> <!-- verifyHomeMenuclick -->
  <testcase name="verifyLoginlink" time="0.0" classname="PagesTestCasesPackage.HomePageTestCases">
    <skipped/>
  </testcase> <!-- verifyLoginlink -->
  <testcase name="verifyLogoImage" time="0.0" classname="PagesTestCasesPackage.HomePageTestCases">
    <skipped/>
  </testcase> <!-- verifyLogoImage -->
  <testcase name="verifyRegisteringUser" time="0.0" classname="PagesTestCasesPackage.HomePageTestCases">
    <skipped/>
  </testcase> <!-- verifyRegisteringUser -->
  <testcase name="verifyRegisteringUser" time="0.0" classname="PagesTestCasesPackage.HomePageTestCases">
    <skipped/>
  </testcase> <!-- verifyRegisteringUser -->
  <testcase name="verifyRegisterlink" time="0.0" classname="PagesTestCasesPackage.HomePageTestCases">
    <skipped/>
  </testcase> <!-- verifyRegisterlink -->
  <testcase name="verifySupportNumber" time="0.0" classname="PagesTestCasesPackage.HomePageTestCases">
    <skipped/>
  </testcase> <!-- verifySupportNumber -->
</testsuite> <!-- 24HrPakistanWebsiteTest -->
