<?xml version="1.0" encoding="UTF-8"?>
<testng-results skipped="0" failed="1" ignored="0" total="4" passed="3">
  <reporter-output>
  </reporter-output>
  <suite name="TestCasePackage.ContactUsPageTest" duration-ms="97358" started-at="2018-12-12T00:13:32Z" finished-at="2018-12-12T00:15:10Z">
    <groups>
    </groups>
    <test name="Command line test" duration-ms="97358" started-at="2018-12-12T00:13:32Z" finished-at="2018-12-12T00:15:10Z">
      <class name="TestCasePackage.ContactUsPageTest">
        <test-method status="PASS" signature="startup()[pri:0, instance:TestCasePackage.ContactUsPageTest@7921b0a2]" name="startup" is-config="true" duration-ms="36106" started-at="2018-12-11T16:13:34Z" finished-at="2018-12-11T16:14:10Z">
          <reporter-output>
          </reporter-output>
        </test-method> <!-- startup -->
        <test-method status="FAIL" signature="verifySendMessageTest(java.lang.String, java.lang.String, java.lang.String, java.lang.String, java.lang.String, java.lang.String)[pri:0, instance:TestCasePackage.ContactUsPageTest@7921b0a2]" name="verifySendMessageTest" duration-ms="3337" started-at="2018-12-11T16:14:10Z" data-provider="getdata" finished-at="2018-12-11T16:14:13Z">
          <params>
            <param index="0">
              <value>
                <![CDATA[1]]>
              </value>
            </param>
            <param index="1">
              <value>
                <![CDATA[greatwork@gmail.com]]>
              </value>
            </param>
            <param index="2">
              <value>
                <![CDATA[sdhgC]]>
              </value>
            </param>
            <param index="3">
              <value>
                <![CDATA[C:\\Users\\Ali Hassan\\Desktop\\ExcelData.xlsx]]>
              </value>
            </param>
            <param index="4">
              <value>
                <![CDATA[The system can enter the planned test phase. It is expected that th]]>
              </value>
            </param>
            <param index="5">
              <value>
                <![CDATA[Invalid email address.]]>
              </value>
            </param>
          </params>
          <exception class="java.lang.AssertionError">
            <message>
              <![CDATA[expected [Invalid email address.] but found [Bad file extension]]]>
            </message>
            <full-stacktrace>
              <![CDATA[java.lang.AssertionError: expected [Invalid email address.] but found [Bad file extension]
	at org.testng.Assert.fail(Assert.java:93)
	at org.testng.Assert.failNotEquals(Assert.java:512)
	at org.testng.Assert.assertEqualsImpl(Assert.java:134)
	at org.testng.Assert.assertEquals(Assert.java:115)
	at org.testng.Assert.assertEquals(Assert.java:189)
	at org.testng.Assert.assertEquals(Assert.java:199)
	at TestCasePackage.ContactUsPageTest.verifySendMessageTest(ContactUsPageTest.java:95)
	at sun.reflect.NativeMethodAccessorImpl.invoke0(Native Method)
	at sun.reflect.NativeMethodAccessorImpl.invoke(NativeMethodAccessorImpl.java:62)
	at sun.reflect.DelegatingMethodAccessorImpl.invoke(DelegatingMethodAccessorImpl.java:43)
	at java.lang.reflect.Method.invoke(Method.java:498)
	at org.testng.internal.MethodInvocationHelper.invokeMethod(MethodInvocationHelper.java:108)
	at org.testng.internal.Invoker.invokeMethod(Invoker.java:661)
	at org.testng.internal.Invoker.invokeTestMethod(Invoker.java:869)
	at org.testng.internal.Invoker.invokeTestMethods(Invoker.java:1193)
	at org.testng.internal.TestMethodWorker.invokeTestMethods(TestMethodWorker.java:126)
	at org.testng.internal.TestMethodWorker.run(TestMethodWorker.java:109)
	at org.testng.TestRunner.privateRun(TestRunner.java:744)
	at org.testng.TestRunner.run(TestRunner.java:602)
	at org.testng.SuiteRunner.runTest(SuiteRunner.java:380)
	at org.testng.SuiteRunner.runSequentially(SuiteRunner.java:375)
	at org.testng.SuiteRunner.privateRun(SuiteRunner.java:340)
	at org.testng.SuiteRunner.run(SuiteRunner.java:289)
	at org.testng.SuiteRunnerWorker.runSuite(SuiteRunnerWorker.java:52)
	at org.testng.SuiteRunnerWorker.run(SuiteRunnerWorker.java:86)
	at org.testng.TestNG.runSuitesSequentially(TestNG.java:1301)
	at org.testng.TestNG.runSuitesLocally(TestNG.java:1226)
	at org.testng.TestNG.runSuites(TestNG.java:1144)
	at org.testng.TestNG.run(TestNG.java:1115)
	at org.apache.maven.surefire.testng.TestNGExecutor.run(TestNGExecutor.java:77)
	at org.apache.maven.surefire.testng.TestNGDirectoryTestSuite.execute(TestNGDirectoryTestSuite.java:110)
	at org.apache.maven.surefire.testng.TestNGProvider.invoke(TestNGProvider.java:106)
	at sun.reflect.NativeMethodAccessorImpl.invoke0(Native Method)
	at sun.reflect.NativeMethodAccessorImpl.invoke(NativeMethodAccessorImpl.java:62)
	at sun.reflect.DelegatingMethodAccessorImpl.invoke(DelegatingMethodAccessorImpl.java:43)
	at java.lang.reflect.Method.invoke(Method.java:498)
	at org.apache.maven.surefire.util.ReflectionUtils.invokeMethodWithArray(ReflectionUtils.java:189)
	at org.apache.maven.surefire.booter.ProviderFactory$ProviderProxy.invoke(ProviderFactory.java:165)
	at org.apache.maven.surefire.booter.ProviderFactory.invokeProvider(ProviderFactory.java:85)
	at org.apache.maven.surefire.booter.ForkedBooter.runSuitesInProcess(ForkedBooter.java:115)
	at org.apache.maven.surefire.booter.ForkedBooter.main(ForkedBooter.java:75)
]]>
            </full-stacktrace>
          </exception> <!-- java.lang.AssertionError -->
          <reporter-output>
          </reporter-output>
        </test-method> <!-- verifySendMessageTest -->
        <test-method status="PASS" signature="teardown()[pri:0, instance:TestCasePackage.ContactUsPageTest@7921b0a2]" name="teardown" is-config="true" duration-ms="725" started-at="2018-12-11T16:14:13Z" finished-at="2018-12-11T16:14:14Z">
          <reporter-output>
          </reporter-output>
        </test-method> <!-- teardown -->
        <test-method status="PASS" signature="startup()[pri:0, instance:TestCasePackage.ContactUsPageTest@7921b0a2]" name="startup" is-config="true" duration-ms="14891" started-at="2018-12-11T16:14:14Z" finished-at="2018-12-11T16:14:29Z">
          <reporter-output>
          </reporter-output>
        </test-method> <!-- startup -->
        <test-method status="PASS" signature="verifySendMessageTest(java.lang.String, java.lang.String, java.lang.String, java.lang.String, java.lang.String, java.lang.String)[pri:0, instance:TestCasePackage.ContactUsPageTest@7921b0a2]" name="verifySendMessageTest" duration-ms="2459" started-at="2018-12-11T16:14:29Z" data-provider="getdata" finished-at="2018-12-11T16:14:31Z">
          <params>
            <param index="0">
              <value>
                <![CDATA[1]]>
              </value>
            </param>
            <param index="1">
              <value>
                <![CDATA[greatwork@icloud.com]]>
              </value>
            </param>
            <param index="2">
              <value>
                <![CDATA[blkjasdfkj]]>
              </value>
            </param>
            <param index="3">
              <value>
                <![CDATA[C:\\Users\\Ali Hassan\\Desktop\\ExcelData.xlsx]]>
              </value>
            </param>
            <param index="4">
              <value>
                <![CDATA[The system can enter the planned test phase. It is expected that the]]>
              </value>
            </param>
            <param index="5">
              <value>
                <![CDATA[Bad file extension]]>
              </value>
            </param>
          </params>
          <reporter-output>
          </reporter-output>
        </test-method> <!-- verifySendMessageTest -->
        <test-method status="PASS" signature="teardown()[pri:0, instance:TestCasePackage.ContactUsPageTest@7921b0a2]" name="teardown" is-config="true" duration-ms="850" started-at="2018-12-11T16:14:31Z" finished-at="2018-12-11T16:14:32Z">
          <reporter-output>
          </reporter-output>
        </test-method> <!-- teardown -->
        <test-method status="PASS" signature="startup()[pri:0, instance:TestCasePackage.ContactUsPageTest@7921b0a2]" name="startup" is-config="true" duration-ms="13966" started-at="2018-12-11T16:14:32Z" finished-at="2018-12-11T16:14:46Z">
          <reporter-output>
          </reporter-output>
        </test-method> <!-- startup -->
        <test-method status="PASS" signature="verifySendMessageTest(java.lang.String, java.lang.String, java.lang.String, java.lang.String, java.lang.String, java.lang.String)[pri:0, instance:TestCasePackage.ContactUsPageTest@7921b0a2]" name="verifySendMessageTest" duration-ms="1833" started-at="2018-12-11T16:14:46Z" data-provider="getdata" finished-at="2018-12-11T16:14:48Z">
          <params>
            <param index="0">
              <value>
                <![CDATA[1]]>
              </value>
            </param>
            <param index="1">
              <value>
                <![CDATA[greatwork@icloud.com]]>
              </value>
            </param>
            <param index="2">
              <value>
                <![CDATA[blkjasdfkj]]>
              </value>
            </param>
            <param index="3">
              <value>
                <![CDATA[C:\\Users\\Ali Hassan\\Desktop\\ExcelData.xlsx]]>
              </value>
            </param>
            <param index="4">
              <value>
                <![CDATA[The system can enter the planned test phase. It is expected that the]]>
              </value>
            </param>
            <param index="5">
              <value>
                <![CDATA[Bad file extension]]>
              </value>
            </param>
          </params>
          <reporter-output>
          </reporter-output>
        </test-method> <!-- verifySendMessageTest -->
        <test-method status="PASS" signature="teardown()[pri:0, instance:TestCasePackage.ContactUsPageTest@7921b0a2]" name="teardown" is-config="true" duration-ms="669" started-at="2018-12-11T16:14:48Z" finished-at="2018-12-11T16:14:49Z">
          <reporter-output>
          </reporter-output>
        </test-method> <!-- teardown -->
        <test-method status="PASS" signature="startup()[pri:0, instance:TestCasePackage.ContactUsPageTest@7921b0a2]" name="startup" is-config="true" duration-ms="17831" started-at="2018-12-11T16:14:49Z" finished-at="2018-12-11T16:15:06Z">
          <reporter-output>
          </reporter-output>
        </test-method> <!-- startup -->
        <test-method status="PASS" signature="verifySendMessageTest(java.lang.String, java.lang.String, java.lang.String, java.lang.String, java.lang.String, java.lang.String)[pri:0, instance:TestCasePackage.ContactUsPageTest@7921b0a2]" name="verifySendMessageTest" duration-ms="2689" started-at="2018-12-11T16:15:06Z" data-provider="getdata" finished-at="2018-12-11T16:15:09Z">
          <params>
            <param index="0">
              <value>
                <![CDATA[1]]>
              </value>
            </param>
            <param index="1">
              <value>
                <![CDATA[greatwork@icloud.com]]>
              </value>
            </param>
            <param index="2">
              <value>
                <![CDATA[blkjasdfkj]]>
              </value>
            </param>
            <param index="3">
              <value>
                <![CDATA[C:\\Users\\Ali Hassan\\Desktop\\ExcelData.xlsx]]>
              </value>
            </param>
            <param index="4">
              <value>
                <![CDATA[The system can enter the planned test phase. It is expected that the]]>
              </value>
            </param>
            <param index="5">
              <value>
                <![CDATA[Bad file extension]]>
              </value>
            </param>
          </params>
          <reporter-output>
          </reporter-output>
        </test-method> <!-- verifySendMessageTest -->
        <test-method status="PASS" signature="teardown()[pri:0, instance:TestCasePackage.ContactUsPageTest@7921b0a2]" name="teardown" is-config="true" duration-ms="735" started-at="2018-12-11T16:15:09Z" finished-at="2018-12-11T16:15:10Z">
          <reporter-output>
          </reporter-output>
        </test-method> <!-- teardown -->
      </class> <!-- TestCasePackage.ContactUsPageTest -->
    </test> <!-- Command line test -->
  </suite> <!-- TestCasePackage.ContactUsPageTest -->
</testng-results>
